0 info it worked if it ends with ok
1 verbose cli [ 'node', '/usr/local/bin/npm', 'start' ]
2 info using npm@3.3.12
3 info using node@v0.12.5
4 verbose run-script [ 'prestart', 'start', 'poststart' ]
5 info lifecycle jobappbackend@0.0.1~prestart: jobappbackend@0.0.1
6 silly lifecycle jobappbackend@0.0.1~prestart: no script for prestart, continuing
7 info lifecycle jobappbackend@0.0.1~start: jobappbackend@0.0.1
8 verbose lifecycle jobappbackend@0.0.1~start: unsafe-perm in lifecycle true
9 verbose lifecycle jobappbackend@0.0.1~start: PATH: /usr/local/lib/node_modules/npm/bin/node-gyp-bin:/Users/angelo/jobappbackend/node_modules/.bin:/Library/Frameworks/Python.framework/Versions/3.5/bin:/usr/bin:/bin:/usr/sbin:/sbin:/usr/local/bin:/opt/X11/bin:/Library/TeX/texbin
10 verbose lifecycle jobappbackend@0.0.1~start: CWD: /Users/angelo/jobappbackend
11 silly lifecycle jobappbackend@0.0.1~start: Args: [ '-c', 'app.js' ]
12 info lifecycle jobappbackend@0.0.1~start: Failed to exec start script
13 verbose stack Error: jobappbackend@0.0.1 start: `app.js`
13 verbose stack spawn ENOENT
13 verbose stack     at ChildProcess.<anonymous> (/usr/local/lib/node_modules/npm/lib/utils/spawn.js:17:16)
13 verbose stack     at ChildProcess.emit (events.js:110:17)
13 verbose stack     at maybeClose (child_process.js:1015:16)
13 verbose stack     at Process.ChildProcess._handle.onexit (child_process.js:1087:5)
14 verbose pkgid jobappbackend@0.0.1
15 verbose cwd /Users/angelo/jobappbackend
16 error Darwin 13.4.0
17 error argv "node" "/usr/local/bin/npm" "start"
18 error node v0.12.5
19 error npm  v3.3.12
20 error file sh
21 error code ELIFECYCLE
22 error errno ENOENT
23 error syscall spawn
24 error jobappbackend@0.0.1 start: `app.js`
24 error spawn ENOENT
25 error Failed at the jobappbackend@0.0.1 start script 'app.js'.
25 error Make sure you have the latest version of node.js and npm installed.
25 error If you do, this is most likely a problem with the jobappbackend package,
25 error not with npm itself.
25 error Tell the author that this fails on your system:
25 error     app.js
25 error You can get their info via:
25 error     npm owner ls jobappbackend
25 error There is likely additional logging output above.
26 verbose exit [ 1, true ]
